<?xml version="1.0" encoding="UTF-8"?>
<testng-results ignored="0" total="1" passed="1" failed="0" skipped="0">
  <reporter-output>
  </reporter-output>
  <suite started-at="2023-08-19T19:58:30 IST" name="Default suite" finished-at="2023-08-19T19:59:26 IST" duration-ms="56352">
    <groups>
    </groups>
    <test started-at="2023-08-19T19:58:30 IST" name="Default test" finished-at="2023-08-19T19:59:26 IST" duration-ms="56352">
      <class name="main.java.seleniumpractice.SalesForceMarketingTestCase">
        <test-method is-config="true" signature="initializeBrowser()[pri:0, instance:main.java.seleniumpractice.SalesForceMarketingTestCase@7d4f9aae]" started-at="2023-08-19T19:58:30 IST" name="initializeBrowser" finished-at="2023-08-19T19:58:37 IST" duration-ms="7155" status="PASS">
          <reporter-output>
          </reporter-output>
        </test-method> <!-- initializeBrowser -->
        <test-method signature="test()[pri:0, instance:main.java.seleniumpractice.SalesForceMarketingTestCase@7d4f9aae]" started-at="2023-08-19T19:58:37 IST" name="test" finished-at="2023-08-19T19:59:26 IST" duration-ms="48841" status="PASS">
          <reporter-output>
          </reporter-output>
        </test-method> <!-- test -->
        <test-method is-config="true" signature="closeBrowser()[pri:0, instance:main.java.seleniumpractice.SalesForceMarketingTestCase@7d4f9aae]" started-at="2023-08-19T19:59:26 IST" name="closeBrowser" finished-at="2023-08-19T19:59:26 IST" duration-ms="313" status="PASS">
          <reporter-output>
          </reporter-output>
        </test-method> <!-- closeBrowser -->
      </class> <!-- main.java.seleniumpractice.SalesForceMarketingTestCase -->
    </test> <!-- Default test -->
  </suite> <!-- Default suite -->
</testng-results>
